# switch <light_index> <r> <g> <b> <a> <sim_sec> <sim_nsec>
# answer <x> <y> <z> <r> <g> <b> <sim_sec> <sim_nsec>
start 30 657000000
switch 44 1 1 1 1 30 658000000
switch 13 0 0 1 1 31 658000000
answer 2.71147 -0.220487 0.251383 0 0 1 34 211000000
switch 13 0 0 0 1 34 212000000
switch 1 1 0 0 1 35 212000000
answer 2.67327 -0.516117 0.258506 1 0 0 37 818000000
switch 1 0 0 0 1 37 818000000
switch 25 0 1 0 1 38 818000000
answer 2.74434 0.226128 0.248828 0 1 0 41 414000000
switch 25 0 0 0 1 41 415000000
switch 17 0 1 0 1 42 415000000
answer 2.59911 0.46002 0.339288 0 1 0 45 21000000
switch 17 0 0 0 1 45 21000000
switch 15 0 0 1 1 46 21000000
answer 2.72225 0.457905 0.260585 0 0 1 48 615000000
switch 15 0 0 0 1 48 616000000
switch 11 0 0 1 1 49 616000000
answer 2.72162 -0.299248 0.252339 0 0 1 52 213000000
switch 11 0 0 0 1 52 213000000
switch 36 0 0 1 1 53 213000000
answer 2.84955 0.509227 0.0171395 0 0 1 55 817000000
switch 36 0 0 0 1 55 818000000
switch 42 0 1 0 1 56 818000000
answer 2.56588 -0.430638 -0.456546 0 1 0 59 415000000
switch 42 0 0 0 1 59 415000000
switch 20 0 0 1 1 60 415000000
answer 2.74089 0.385377 0.260489 0 0 1 63 14000000
switch 20 0 0 0 1 63 15000000
switch 35 0 0 1 1 64 15000000
answer 2.8433 0.510083 0.0832326 0 0 1 66 621000000
switch 35 0 0 0 1 66 622000000
switch 14 0 1 0 1 67 622000000
answer 2.66187 -0.220202 0.284747 0 1 0 70 217000000
switch 14 0 0 0 1 70 217000000
