# switch <light_index> <r> <g> <b> <a> <sim_sec> <sim_nsec>
# answer <x> <y> <z> <r> <g> <b> <sim_sec> <sim_nsec>
start 31 764000000
switch 44 1 1 1 1 31 765000000
switch 8 0 0 1 1 32 765000000
answer 2.58506 -0.357834 0.351684 0 0 1 35 218000000
switch 8 0 0 0 1 35 219000000
switch 24 1 0 0 1 36 219000000
answer 2.50016 0.480662 0.434252 1 0 0 38 814000000
switch 24 0 0 0 1 38 815000000
switch 23 1 0 0 1 39 815000000
answer 2.5442 0.47903 0.392378 1 0 0 42 416000000
switch 23 0 0 0 1 42 417000000
switch 20 1 0 0 1 43 417000000
answer 2.70566 0.470539 0.267225 1 0 0 46 20000000
switch 20 0 0 0 1 46 21000000
switch 33 1 0 0 1 47 21000000
answer 2.84651 -0.388345 0.0284442 1 0 0 49 606000000
switch 33 0 0 0 1 49 606000000
switch 40 1 0 0 1 50 606000000
answer 2.83007 0.524561 0.0916612 1 0 0 53 214000000
switch 40 0 0 0 1 53 214000000
switch 28 0 1 0 1 54 214000000
answer 2.64794 0.240826 0.286314 0 0 0 56 816000000
switch 28 0 0 0 1 56 817000000
switch 40 0 0 1 1 57 817000000
answer 2.83007 0.524561 0.0916612 0 0 1 60 421000000
switch 40 0 0 0 1 60 422000000
switch 37 1 0 0 1 61 422000000
answer 2.83559 0.608498 -0.03626 1 0 0 64 17000000
switch 37 0 0 0 1 64 17000000
switch 25 0 0 1 1 65 17000000
answer 2.70965 0.316252 0.245269 0 0 1 67 618000000
switch 25 0 0 0 1 67 618000000
switch 20 1 0 0 1 68 618000000
