# switch <light_index> <r> <g> <b> <a> <sim_sec> <sim_nsec>
# answer <x> <y> <z> <r> <g> <b> <sim_sec> <sim_nsec>
start 31 788000000
switch 44 1 1 1 1 31 789000000
switch 11 0 0 1 1 32 789000000
answer 2.74215 -0.266857 0.249916 1.52924e-41 -0.00492075 1 35 223000000
switch 11 0 0 0 1 35 224000000
switch 24 0 0 1 1 36 224000000
answer 2.55106 0.431988 0.430259 1.52924e-41 -0.00492075 1 38 815000000
switch 24 0 0 0 1 38 816000000
switch 35 0 0 1 1 39 816000000
answer 2.8433 0.546654 0.0786612 1.52924e-41 -0.00492075 1 42 417000000
switch 35 0 0 0 1 42 417000000
switch 43 1 0 0 1 43 417000000
answer 2.57781 0.404285 -0.457625 1 -0.00492075 1.53036e-41 46 16000000
switch 43 0 0 0 1 46 16000000
switch 10 0 1 0 1 47 16000000
answer 2.49287 -0.427676 0.424132 1.52924e-41 0.995079 1.53036e-41 49 614000000
switch 10 0 0 0 1 49 615000000
switch 31 0 0 1 1 50 615000000
answer 2.83175 -0.548537 -0.0507963 1.52924e-41 -0.00492075 1 53 217000000
switch 31 0 0 0 1 53 218000000
switch 34 0 0 1 1 54 218000000
answer 2.82919 -0.468639 0.0817326 1.52924e-41 -0.00492075 1 56 818000000
switch 34 0 0 0 1 56 819000000
switch 7 0 0 1 1 57 819000000
answer 2.64328 -0.42057 0.298119 1.52924e-41 -0.00492075 1 60 412000000
switch 7 0 0 0 1 60 412000000
switch 11 1 0 0 1 61 412000000
answer 2.73184 -0.265751 0.248962 1 -0.00492075 1.53036e-41 64 17000000
switch 11 0 0 0 1 64 18000000
switch 10 0 1 0 1 65 18000000
answer 2.4838 -0.430091 0.422564 1.52924e-41 0.995079 1.53036e-41 67 621000000
switch 10 0 0 0 1 67 622000000
switch 31 1 0 0 1 68 622000000
