Answer 1: Color:    answer                         [0.0000 0.0000 1.0000]
                    ground truth                   [0.0000 0.0000 1.0000]
                    euclidean error                [0.000000]
          Position: answer                         [2.6957 -0.3864 0.2535]
                    ground truth (neck)            [2.8521 0.4578 -0.5361]
                    ground truth (head)            [2.7255 -0.4578 0.2579]
                    ground truth (head flipped)    [2.7255 0.4578 -0.2579]
                    euclidean error (neck)         [1.166453]
                    euclidean error (head)         [0.077531]
                    euclidean error (head flipped) [0.987470]
Answer 2: Color:    answer                         [1.0000 0.0000 0.0000]
                    ground truth                   [1.0000 0.0000 0.0000]
                    euclidean error                [0.000000]
          Position: answer                         [2.6223 -0.3868 0.2907]
                    ground truth (neck)            [2.7824 0.4564 -0.5671]
                    ground truth (head)            [2.6604 -0.4564 0.2977]
                    ground truth (head flipped)    [2.6604 0.4564 -0.2977]
                    euclidean error (neck)         [1.213478]
                    euclidean error (head)         [0.079698]
                    euclidean error (head flipped) [1.028980]
Answer 3: Color:    answer                         [0.0000 1.0000 0.0000]
                    ground truth                   [0.0000 1.0000 0.0000]
                    euclidean error                [0.000000]
          Position: answer                         [2.5890 -0.3940 0.3331]
                    ground truth (neck)            [2.7126 0.4581 -0.5975]
                    ground truth (head)            [2.5952 -0.4581 0.3370]
                    ground truth (head flipped)    [2.5952 0.4581 -0.3370]
                    euclidean error (neck)         [1.267849]
                    euclidean error (head)         [0.064495]
                    euclidean error (head flipped) [1.084073]
Answer 4: Color:    answer                         [1.0000 0.0000 0.0000]
                    ground truth                   [1.0000 0.0000 0.0000]
                    euclidean error                [0.000000]
          Position: answer                         [2.5231 -0.3954 0.3736]
                    ground truth (neck)            [2.6431 0.4587 -0.6283]
                    ground truth (head)            [2.5303 -0.4587 0.3766]
                    ground truth (head flipped)    [2.5303 0.4587 -0.3766]
                    euclidean error (neck)         [1.321985]
                    euclidean error (head)         [0.063853]
                    euclidean error (head flipped) [1.136792]
Answer 5: Color:    answer                         [0.0000 1.0000 0.0000]
                    ground truth                   [0.0000 1.0000 0.0000]
                    euclidean error                [0.000000]
          Position: answer                         [2.5031 -0.4073 0.4193]
                    ground truth (neck)            [2.5739 0.4569 -0.6588]
                    ground truth (head)            [2.4657 -0.4569 0.4158]
                    ground truth (head flipped)    [2.4657 0.4569 -0.4158]
                    euclidean error (neck)         [1.383495]
                    euclidean error (head)         [0.062184]
                    euclidean error (head flipped) [1.202372]
Answer 6: Color:    answer                         [1.0000 0.0000 0.0000]
                    ground truth                   [1.0000 0.0000 0.0000]
                    euclidean error                [0.000000]
          Position: answer                         [2.7296 -0.3157 0.2594]
                    ground truth (neck)            [2.8500 0.3801 -0.5375]
                    ground truth (head)            [2.7236 -0.3801 0.2596]
                    ground truth (head flipped)    [2.7236 0.3801 -0.2596]
                    euclidean error (neck)         [1.064712]
                    euclidean error (head)         [0.064685]
                    euclidean error (head flipped) [0.867992]
Answer 7: Color:    answer                         [0.0000 1.0000 0.0000]
                    ground truth                   [0.0000 1.0000 0.0000]
                    euclidean error                [0.000000]
          Position: answer                         [2.6423 -0.3173 0.2947]
                    ground truth (neck)            [2.7803 0.3816 -0.5681]
                    ground truth (head)            [2.6585 -0.3816 0.2990]
                    ground truth (head flipped)    [2.6585 0.3816 -0.2990]
                    euclidean error (neck)         [1.118885]
                    euclidean error (head)         [0.066504]
                    euclidean error (head flipped) [0.917162]
Answer 8: Color:    answer                         [1.0000 0.0000 0.0000]
                    ground truth                   [1.0000 0.0000 0.0000]
                    euclidean error                [0.000000]
          Position: answer                         [2.6183 -0.3226 0.3412]
                    ground truth (neck)            [2.7108 0.3821 -0.5987]
                    ground truth (head)            [2.5936 -0.3821 0.3384]
                    ground truth (head flipped)    [2.5936 0.3821 -0.3384]
                    euclidean error (neck)         [1.178308]
                    euclidean error (head)         [0.064489]
                    euclidean error (head flipped) [0.979258]
Answer 9: Color:    answer                         [0.0000 1.0000 0.0000]
                    ground truth                   [0.0000 1.0000 0.0000]
                    euclidean error                [0.000000]
          Position: answer                         [2.5813 -0.3292 0.3823]
                    ground truth (neck)            [2.6413 0.3834 -0.6289]
                    ground truth (head)            [2.5287 -0.3834 0.3774]
                    ground truth (head flipped)    [2.5287 0.3834 -0.3774]
                    euclidean error (neck)         [1.238539]
                    euclidean error (head)         [0.075723]
                    euclidean error (head flipped) [1.042979]
Answer 10: Color:    answer                         [0.0000 1.0000 0.0000]
                    ground truth                   [0.0000 1.0000 0.0000]
                    euclidean error                [0.000000]
          Position: answer                         [2.5416 -0.3351 0.4258]
                    ground truth (neck)            [2.5724 0.3830 -0.6593]
                    ground truth (head)            [2.4642 -0.3830 0.4166]
                    ground truth (head flipped)    [2.4642 0.3830 -0.4166]
                    euclidean error (neck)         [1.301584]
                    euclidean error (head)         [0.091455]
                    euclidean error (head flipped) [1.109646]
Answer 11: Color:    answer                         [0.0000 0.0000 1.0000]
                    ground truth                   [0.0000 0.0000 1.0000]
                    euclidean error                [0.000000]
          Position: answer                         [2.7040 -0.1565 0.2412]
                    ground truth (neck)            [2.8721 0.2221 -0.5271]
                    ground truth (head)            [2.7442 -0.2221 0.2464]
                    ground truth (head flipped)    [2.7442 0.2221 -0.2464]
                    euclidean error (neck)         [0.872859]
                    euclidean error (head)         [0.077028]
                    euclidean error (head flipped) [0.618611]
Answer 12: Color:    answer                         [0.0000 1.0000 0.0000]
                    ground truth                   [0.0000 1.0000 0.0000]
                    euclidean error                [0.000000]
          Position: answer                         [2.6322 -0.1582 0.2791]
                    ground truth (neck)            [2.8027 0.2233 -0.5577]
                    ground truth (head)            [2.6793 -0.2233 0.2858]
                    ground truth (head flipped)    [2.6793 0.2233 -0.2858]
                    euclidean error (neck)         [0.935281]
                    euclidean error (head)         [0.080568]
                    euclidean error (head flipped) [0.683224]
Answer 13: Color:    answer                         [0.0000 0.0000 1.0000]
                    ground truth                   [0.0000 0.0000 1.0000]
                    euclidean error                [0.000000]
          Position: answer                         [2.6749 -0.0791 0.2394]
                    ground truth (neck)            [2.8707 0.1462 -0.5272]
                    ground truth (head)            [2.7428 -0.1462 0.2467]
                    ground truth (head flipped)    [2.7428 0.1462 -0.2467]
                    euclidean error (neck)         [0.822706]
                    euclidean error (head)         [0.095750]
                    euclidean error (head flipped) [0.540040]
Answer 14: Color:    answer                         [1.0000 0.0000 0.0000]
                    ground truth                   [1.0000 0.0000 0.0000]
                    euclidean error                [0.000000]
          Position: answer                         [2.6183 -0.0852 0.2776]
                    ground truth (neck)            [2.8014 0.1474 -0.5577]
                    ground truth (head)            [2.6781 -0.1474 0.2860]
                    ground truth (head flipped)    [2.6781 0.1474 -0.2860]
                    euclidean error (neck)         [0.886219]
                    euclidean error (head)         [0.086729]
                    euclidean error (head flipped) [0.612594]
Answer 15: Color:    answer                         [1.0000 0.0000 0.0000]
                    ground truth                   [1.0000 0.0000 0.0000]
                    euclidean error                [0.000000]
          Position: answer                         [2.6646 0.5797 0.2566]
                    ground truth (neck)            [2.8365 -0.5315 -0.5384]
                    ground truth (head)            [2.7103 0.5315 0.2623]
                    ground truth (head flipped)    [2.7103 -0.5315 -0.2623]
                    euclidean error (neck)         [1.377134]
                    euclidean error (head)         [0.066691]
                    euclidean error (head flipped) [1.227260]
Answer 16: Color:    answer                         [1.0000 0.0000 0.0000]
                    ground truth                   [1.0000 0.0000 0.0000]
                    euclidean error                [0.000000]
          Position: answer                         [2.6085 0.5775 0.2968]
                    ground truth (neck)            [2.7658 -0.5366 -0.5685]
                    ground truth (head)            [2.6441 0.5366 0.3013]
                    ground truth (head flipped)    [2.6441 -0.5366 -0.3013]
                    euclidean error (neck)         [1.419385]
                    euclidean error (head)         [0.054497]
                    euclidean error (head flipped) [1.264988]
Answer 17: Color:    answer                         [1.0000 0.0000 0.0000]
                    ground truth                   [1.0000 0.0000 0.0000]
                    euclidean error                [0.000000]
          Position: answer                         [2.5698 0.5812 0.3390]
                    ground truth (neck)            [2.6967 -0.5327 -0.5988]
                    ground truth (head)            [2.5796 0.5327 0.3404]
                    ground truth (head flipped)    [2.5796 -0.5327 -0.3404]
                    euclidean error (neck)         [1.461594]
                    euclidean error (head)         [0.049464]
                    euclidean error (head flipped) [1.304725]
Answer 18: Color:    answer                         [0.0000 1.0000 0.0000]
                    ground truth                   [0.0000 1.0000 0.0000]
                    euclidean error                [0.000000]
          Position: answer                         [2.5049 0.5803 0.3750]
                    ground truth (neck)            [2.6272 -0.5316 -0.6292]
                    ground truth (head)            [2.5146 0.5316 0.3796]
                    ground truth (head flipped)    [2.5146 -0.5316 -0.3796]
                    euclidean error (neck)         [1.503276]
                    euclidean error (head)         [0.049897]
                    euclidean error (head flipped) [1.343854]
Answer 19: Color:    answer                         [1.0000 0.0000 0.0000]
                    ground truth                   [1.0000 0.0000 0.0000]
                    euclidean error                [0.000000]
          Position: answer                         [2.4869 0.5885 0.4238]
                    ground truth (neck)            [2.5576 -0.5319 -0.6596]
                    ground truth (head)            [2.4496 0.5319 0.4188]
                    ground truth (head flipped)    [2.4496 -0.5319 -0.4188]
                    euclidean error (neck)         [1.560129]
                    euclidean error (head)         [0.068019]
                    euclidean error (head flipped) [1.402360]
Answer 20: Color:    answer                         [1.0000 0.0000 0.0000]
                    ground truth                   [1.0000 0.0000 0.0000]
                    euclidean error                [0.000000]
          Position: answer                         [2.7146 0.5170 0.2615]
                    ground truth (neck)            [2.8366 -0.4609 -0.5385]
                    ground truth (head)            [2.7104 0.4609 0.2623]
                    ground truth (head flipped)    [2.7104 -0.4609 -0.2623]
                    euclidean error (neck)         [1.269291]
                    euclidean error (head)         [0.056274]
                    euclidean error (head flipped) [1.109335]
Answer 21: Color:    answer                         [1.0000 0.0000 0.0000]
                    ground truth                   [1.0000 0.0000 0.0000]
                    euclidean error                [0.000000]
          Position: answer                         [2.6322 0.5109 0.2995]
                    ground truth (neck)            [2.7669 -0.4597 -0.5686]
                    ground truth (head)            [2.6452 0.4597 0.3012]
                    ground truth (head flipped)    [2.6452 -0.4597 -0.3012]
                    euclidean error (neck)         [1.309123]
                    euclidean error (head)         [0.052822]
                    euclidean error (head flipped) [1.141561]
Answer 22: Color:    answer                         [0.0000 0.0000 1.0000]
                    ground truth                   [0.0000 0.0000 1.0000]
                    euclidean error                [0.000000]
          Position: answer                         [2.6085 0.5150 0.3441]
                    ground truth (neck)            [2.6976 -0.4595 -0.5989]
                    ground truth (head)            [2.5805 0.4595 0.3404]
                    ground truth (head flipped)    [2.5805 -0.4595 -0.3404]
                    euclidean error (neck)         [1.359021]
                    euclidean error (head)         [0.062318]
                    euclidean error (head flipped) [1.191210]
Answer 23: Color:    answer                         [0.0000 0.0000 1.0000]
                    ground truth                   [0.0000 0.0000 1.0000]
                    euclidean error                [0.000000]
          Position: answer                         [2.5660 0.5172 0.3842]
                    ground truth (neck)            [2.6281 -0.4589 -0.6294]
                    ground truth (head)            [2.5156 0.4589 0.3797]
                    ground truth (head flipped)    [2.5156 -0.4589 -0.3797]
                    euclidean error (neck)         [1.408518]
                    euclidean error (head)         [0.077250]
                    euclidean error (head flipped) [1.240443]
Answer 24: Color:    answer                         [1.0000 0.0000 0.0000]
                    ground truth                   [1.0000 0.0000 0.0000]
                    euclidean error                [0.000000]
          Position: answer                         [2.5213 0.5202 0.4289]
                    ground truth (neck)            [2.5585 -0.4574 -0.6598]
                    ground truth (head)            [2.4506 0.4574 0.4189]
                    ground truth (head flipped)    [2.4506 -0.4574 -0.4189]
                    euclidean error (neck)         [1.463683]
                    euclidean error (head)         [0.095111]
                    euclidean error (head flipped) [1.295929]
Answer 25: Color:    answer                         [0.0000 0.0000 1.0000]
                    ground truth                   [0.0000 0.0000 1.0000]
                    euclidean error                [0.000000]
          Position: answer                         [2.6915 0.3560 0.2418]
                    ground truth (neck)            [2.8637 -0.3045 -0.5275]
                    ground truth (head)            [2.7358 0.3045 0.2478]
                    ground truth (head flipped)    [2.7358 -0.3045 -0.2478]
                    euclidean error (neck)         [1.028437]
                    euclidean error (head)         [0.068255]
                    euclidean error (head flipped) [0.823390]
Answer 26: Color:    answer                         [0.0000 1.0000 0.0000]
                    ground truth                   [0.0000 1.0000 0.0000]
                    euclidean error                [0.000000]
          Position: answer                         [2.6342 0.3560 0.2793]
                    ground truth (neck)            [2.7940 -0.3051 -0.5578]
                    ground truth (head)            [2.6707 0.3051 0.2870]
                    ground truth (head flipped)    [2.6707 -0.3051 -0.2870]
                    euclidean error (neck)         [1.078522]
                    euclidean error (head)         [0.063126]
                    euclidean error (head flipped) [0.871208]
Answer 27: Color:    answer                         [1.0000 0.0000 0.0000]
                    ground truth                   [1.0000 0.0000 0.0000]
                    euclidean error                [0.000000]
          Position: answer                         [2.6852 0.2831 0.2430]
                    ground truth (neck)            [2.8650 -0.2291 -0.5271]
                    ground truth (head)            [2.7371 0.2291 0.2473]
                    ground truth (head flipped)    [2.7371 -0.2291 -0.2473]
                    euclidean error (neck)         [0.942198]
                    euclidean error (head)         [0.074965]
                    euclidean error (head flipped) [0.710955]
Answer 28: Color:    answer                         [1.0000 0.0000 0.0000]
                    ground truth                   [1.0000 0.0000 0.0000]
                    euclidean error                [0.000000]
          Position: answer                         [2.6164 0.2810 0.2799]
                    ground truth (neck)            [2.7953 -0.2273 -0.5578]
                    ground truth (head)            [2.6720 0.2273 0.2868]
                    ground truth (head flipped)    [2.6720 -0.2273 -0.2868]
                    euclidean error (neck)         [0.996042]
                    euclidean error (head)         [0.077627]
                    euclidean error (head flipped) [0.763295]
Answer 29: Color:    answer                         [1.0000 0.0000 0.0000]
                    ground truth                   [1.0000 0.0000 0.0000]
                    euclidean error                [0.000000]
          Position: answer                         [2.8344 -0.4374 0.0849]
                    ground truth (neck)            [2.9934 0.5066 -0.3769]
                    ground truth (head)            [2.8448 -0.5066 0.0816]
                    ground truth (head flipped)    [2.8448 0.5066 -0.0816]
                    euclidean error (neck)         [1.062941]
                    euclidean error (head)         [0.070063]
                    euclidean error (head flipped) [0.958711]
Answer 30: Color:    answer                         [0.0000 1.0000 0.0000]
                    ground truth                   [0.0000 1.0000 0.0000]
                    euclidean error                [0.000000]
          Position: answer                         [2.8530 -0.4378 0.0162]
                    ground truth (neck)            [3.0063 0.5053 -0.3116]
                    ground truth (head)            [2.8490 -0.5053 0.0152]
                    ground truth (head flipped)    [2.8490 0.5053 -0.0152]
                    euclidean error (neck)         [1.010129]
                    euclidean error (head)         [0.067684]
                    euclidean error (head flipped) [0.943622]
Answer 31: Color:    answer                         [0.0000 1.0000 0.0000]
                    ground truth                   [0.0000 1.0000 0.0000]
                    euclidean error                [0.000000]
          Position: answer                         [2.8554 -0.4363 -0.0476]
                    ground truth (neck)            [3.0164 0.5052 -0.2465]
                    ground truth (head)            [2.8506 -0.5052 -0.0506]
                    ground truth (head flipped)    [2.8506 0.5052 0.0506]
                    euclidean error (neck)         [0.975693]
                    euclidean error (head)         [0.069152]
                    euclidean error (head flipped) [0.946642]
Answer 32: Color:    answer                         [0.0000 1.0000 0.0000]
                    ground truth                   [0.0000 1.0000 0.0000]
                    euclidean error                [0.000000]
          Position: answer                         [2.8695 -0.3550 -0.0487]
                    ground truth (neck)            [3.0149 0.4203 -0.2466]
                    ground truth (head)            [2.8491 -0.4203 -0.0503]
                    ground truth (head flipped)    [2.8491 0.4203 0.0503]
                    euclidean error (neck)         [0.813236]
                    euclidean error (head)         [0.068381]
                    euclidean error (head flipped) [0.781836]
Answer 33: Color:    answer                         [1.0000 0.0000 0.0000]
                    ground truth                   [1.0000 0.0000 0.0000]
                    euclidean error                [0.000000]
          Position: answer                         [2.8624 -0.3522 0.0181]
                    ground truth (neck)            [3.0050 0.4190 -0.3118]
                    ground truth (head)            [2.8478 -0.4190 0.0156]
                    ground truth (head flipped)    [2.8478 0.4190 -0.0156]
                    euclidean error (neck)         [0.850844]
                    euclidean error (head)         [0.068435]
                    euclidean error (head flipped) [0.772066]
Answer 34: Color:    answer                         [0.0000 0.0000 1.0000]
                    ground truth                   [0.0000 0.0000 1.0000]
                    euclidean error                [0.000000]
          Position: answer                         [2.8437 -0.3533 0.0852]
                    ground truth (neck)            [2.9945 0.4208 -0.3771]
                    ground truth (head)            [2.8459 -0.4208 0.0817]
                    ground truth (head flipped)    [2.8459 0.4208 -0.0817]
                    euclidean error (neck)         [0.914214]
                    euclidean error (head)         [0.067596]
                    euclidean error (head flipped) [0.791936]
Answer 35: Color:    answer                         [0.0000 1.0000 0.0000]
                    ground truth                   [0.0000 1.0000 0.0000]
                    euclidean error                [0.000000]
          Position: answer                         [2.8205 0.6481 0.0845]
                    ground truth (neck)            [2.9768 -0.5927 -0.3772]
                    ground truth (head)            [2.8283 0.5927 0.0841]
                    ground truth (head flipped)    [2.8283 -0.5927 -0.0841]
                    euclidean error (neck)         [1.333155]
                    euclidean error (head)         [0.055972]
                    euclidean error (head flipped) [1.252290]
Answer 36: Color:    answer                         [1.0000 0.0000 0.0000]
                    ground truth                   [1.0000 0.0000 0.0000]
                    euclidean error                [0.000000]
          Position: answer                         [2.8367 0.6517 0.0207]
                    ground truth (neck)            [2.9893 -0.5944 -0.3115]
                    ground truth (head)            [2.8323 0.5944 0.0173]
                    ground truth (head flipped)    [2.8323 -0.5944 -0.0173]
                    euclidean error (neck)         [1.298626]
                    euclidean error (head)         [0.057492]
                    euclidean error (head flipped) [1.246686]
Answer 37: Color:    answer                         [0.0000 0.0000 1.0000]
                    ground truth                   [0.0000 0.0000 1.0000]
                    euclidean error                [0.000000]
          Position: answer                         [2.8390 0.6494 -0.0436]
                    ground truth (neck)            [2.9995 -0.5947 -0.2464]
                    ground truth (head)            [2.8338 0.5947 -0.0485]
                    ground truth (head flipped)    [2.8338 -0.5947 0.0485]
                    euclidean error (neck)         [1.270720]
                    euclidean error (head)         [0.055151]
                    euclidean error (head flipped) [1.247545]
Answer 38: Color:    answer                         [1.0000 0.0000 0.0000]
                    ground truth                   [1.0000 0.0000 0.0000]
                    euclidean error                [0.000000]
          Position: answer                         [2.8601 0.5706 -0.0439]
                    ground truth (neck)            [3.0007 -0.5103 -0.2465]
                    ground truth (head)            [2.8350 0.5103 -0.0486]
                    ground truth (head flipped)    [2.8350 -0.5103 0.0486]
                    euclidean error (neck)         [1.108667]
                    euclidean error (head)         [0.065484]
                    euclidean error (head flipped) [1.085142]
Answer 39: Color:    answer                         [1.0000 0.0000 0.0000]
                    ground truth                   [1.0000 0.0000 0.0000]
                    euclidean error                [0.000000]
          Position: answer                         [2.8437 0.5694 0.0208]
                    ground truth (neck)            [2.9904 -0.5089 -0.3118]
                    ground truth (head)            [2.8334 0.5089 0.0175]
                    ground truth (head flipped)    [2.8334 -0.5089 -0.0175]
                    euclidean error (neck)         [1.137934]
                    euclidean error (head)         [0.061400]
                    euclidean error (head flipped) [1.079031]
Answer 40: Color:    answer                         [0.0000 1.0000 0.0000]
                    ground truth                   [0.0000 1.0000 0.0000]
                    euclidean error                [0.000000]
          Position: answer                         [2.8321 0.5663 0.0849]
                    ground truth (neck)            [2.9804 -0.5078 -0.3769]
                    ground truth (head)            [2.8320 0.5078 0.0834]
                    ground truth (head flipped)    [2.8320 -0.5078 -0.0834]
                    euclidean error (neck)         [1.178540]
                    euclidean error (head)         [0.058483]
                    euclidean error (head flipped) [1.087184]
Answer 41: Color:    answer                         [0.0000 1.0000 0.0000]
                    ground truth                   [0.0000 1.0000 0.0000]
                    euclidean error                [0.000000]
          Position: answer                         [2.7956 0.1059 -0.4956]
                    ground truth (neck)            [2.8437 -0.0418 0.2037]
                    ground truth (head)            [2.6206 0.0418 -0.4745]
                    ground truth (head flipped)    [2.6206 -0.0418 0.4745]
                    euclidean error (neck)         [0.716380]
                    euclidean error (head)         [0.187590]
                    euclidean error (head flipped) [0.996770]
Answer 42: Color:    answer                         [0.0000 1.0000 0.0000]
                    ground truth                   [0.0000 1.0000 0.0000]
                    euclidean error                [0.000000]
          Position: answer                         [2.7933 -0.3275 -0.4862]
                    ground truth (neck)            [2.8114 0.3621 0.1926]
                    ground truth (head)            [2.5900 -0.3621 -0.4592]
                    ground truth (head flipped)    [2.5900 0.3621 0.4592]
                    euclidean error (neck)         [0.967755]
                    euclidean error (head)         [0.207991]
                    euclidean error (head flipped) [1.187691]
Answer 43: Color:    answer                         [1.0000 0.0000 0.0000]
                    ground truth                   [1.0000 0.0000 0.0000]
                    euclidean error                [0.000000]
          Position: answer                         [2.8046 0.5411 -0.4881]
                    ground truth (neck)            [2.7991 -0.4452 0.1926]
                    ground truth (head)            [2.5778 0.4452 -0.4576]
                    ground truth (head flipped)    [2.5778 -0.4452 0.4576]
                    euclidean error (neck)         [1.198444]
                    euclidean error (head)         [0.248116]
                    euclidean error (head flipped) [1.385180]
--------------------------------
Duration: 214.190000000
Total color euclidean error:                   0.000000
Total position euclidean error (neck):         49.785987
Total position euclidean error (head):         3.376000
Total position euclidean error (head flipped): 44.264038
--------------------------------
