Answer 1: Color:    answer                         [0.0000 1.0000 0.0000]
                    ground truth                   [0.0000 1.0000 0.0000]
                    euclidean error                [0.000000]
          Position: answer                         [2.6423 -0.5543 0.2587]
                    ground truth (neck)            [2.8139 0.6273 -0.5368]
                    ground truth (head)            [2.6878 -0.6273 0.2636]
                    ground truth (head flipped)    [2.6878 0.6273 -0.2636]
                    euclidean error (neck)         [1.434755]
                    euclidean error (head)         [0.086175]
                    euclidean error (head flipped) [1.292696]
Answer 2: Color:    answer                         [1.0000 0.0000 0.0000]
                    ground truth                   [1.0000 0.0000 0.0000]
                    euclidean error                [0.000000]
          Position: answer                         [2.5987 -0.5538 0.2974]
                    ground truth (neck)            [2.7446 0.6239 -0.5676]
                    ground truth (head)            [2.6230 -0.6239 0.3032]
                    ground truth (head flipped)    [2.6230 0.6239 -0.3032]
                    euclidean error (neck)         [1.468491]
                    euclidean error (head)         [0.074385]
                    euclidean error (head flipped) [1.322228]
Answer 3: Color:    answer                         [0.0000 0.0000 1.0000]
                    ground truth                   [0.0000 0.0000 1.0000]
                    euclidean error                [0.000000]
          Position: answer                         [2.5453 -0.5549 0.3398]
                    ground truth (neck)            [2.6746 0.6202 -0.5979]
                    ground truth (head)            [2.5576 -0.6202 0.3424]
                    ground truth (head flipped)    [2.5576 0.6202 -0.3424]
                    euclidean error (neck)         [1.509005]
                    euclidean error (head)         [0.066501]
                    euclidean error (head flipped) [1.358875]
Answer 4: Color:    answer                         [0.0000 1.0000 0.0000]
                    ground truth                   [0.0000 1.0000 0.0000]
                    euclidean error                [0.000000]
          Position: answer                         [2.4869 -0.5551 0.3803]
                    ground truth (neck)            [2.6049 0.6182 -0.6287]
                    ground truth (head)            [2.4925 -0.6181 0.3820]
                    ground truth (head flipped)    [2.4925 0.6181 -0.3820]
                    euclidean error (neck)         [1.551949]
                    euclidean error (head)         [0.063338]
                    euclidean error (head flipped) [1.399151]
Answer 5: Color:    answer                         [0.0000 1.0000 0.0000]
                    ground truth                   [0.0000 1.0000 0.0000]
                    euclidean error                [0.000000]
          Position: answer                         [2.4710 -0.5633 0.4251]
                    ground truth (neck)            [2.5356 0.6137 -0.6590]
                    ground truth (head)            [2.4277 -0.6137 0.4211]
                    ground truth (head flipped)    [2.4277 0.6137 -0.4211]
                    euclidean error (neck)         [1.601503]
                    euclidean error (head)         [0.066553]
                    euclidean error (head flipped) [1.450260]
Answer 6: Color:    answer                         [1.0000 0.0000 0.0000]
                    ground truth                   [1.0000 0.0000 0.0000]
                    euclidean error                [0.000000]
          Position: answer                         [2.6810 -0.4848 0.2626]
                    ground truth (neck)            [2.8163 0.5551 -0.5375]
                    ground truth (head)            [2.6901 -0.5551 0.2640]
                    ground truth (head flipped)    [2.6901 0.5551 -0.2640]
                    euclidean error (neck)         [1.319015]
                    euclidean error (head)         [0.070869]
                    euclidean error (head flipped) [1.165642]
Answer 7: Color:    answer                         [0.0000 1.0000 0.0000]
                    ground truth                   [0.0000 1.0000 0.0000]
                    euclidean error                [0.000000]
          Position: answer                         [2.6183 -0.4854 0.3030]
                    ground truth (neck)            [2.7468 0.5509 -0.5683]
                    ground truth (head)            [2.6253 -0.5509 0.3036]
                    ground truth (head flipped)    [2.6253 0.5509 -0.3036]
                    euclidean error (neck)         [1.359957]
                    euclidean error (head)         [0.065896]
                    euclidean error (head flipped) [1.200749]
Answer 8: Color:    answer                         [1.0000 0.0000 0.0000]
                    ground truth                   [1.0000 0.0000 0.0000]
                    euclidean error                [0.000000]
          Position: answer                         [2.5929 -0.4895 0.3462]
                    ground truth (neck)            [2.6771 0.5472 -0.5987]
                    ground truth (head)            [2.5602 -0.5472 0.3428]
                    ground truth (head flipped)    [2.5602 0.5472 -0.3428]
                    euclidean error (neck)         [1.405264]
                    euclidean error (head)         [0.066341]
                    euclidean error (head flipped) [1.245241]
Answer 9: Color:    answer                         [0.0000 1.0000 0.0000]
                    ground truth                   [0.0000 1.0000 0.0000]
                    euclidean error                [0.000000]
          Position: answer                         [2.5323 -0.4904 0.3865]
                    ground truth (neck)            [2.6077 0.5431 -0.6290]
                    ground truth (head)            [2.4953 -0.5431 0.3819]
                    ground truth (head flipped)    [2.4953 0.5431 -0.3819]
                    euclidean error (neck)         [1.450840]
                    euclidean error (head)         [0.064520]
                    euclidean error (head flipped) [1.288354]
Answer 10: Color:    answer                         [0.0000 1.0000 0.0000]
                    ground truth                   [0.0000 1.0000 0.0000]
                    euclidean error                [0.000000]
          Position: answer                         [2.4995 -0.4933 0.4300]
                    ground truth (neck)            [2.5380 0.5415 -0.6599]
                    ground truth (head)            [2.4303 -0.5415 0.4216]
                    ground truth (head flipped)    [2.4303 0.5415 -0.4216]
                    euclidean error (neck)         [1.503372]
                    euclidean error (head)         [0.084747]
                    euclidean error (head flipped) [1.341962]
Answer 11: Color:    answer                         [0.0000 0.0000 1.0000]
                    ground truth                   [0.0000 0.0000 1.0000]
                    euclidean error                [0.000000]
          Position: answer                         [2.6728 -0.3257 0.2444]
                    ground truth (neck)            [2.8485 0.3956 -0.5271]
                    ground truth (head)            [2.7207 -0.3956 0.2495]
                    ground truth (head flipped)    [2.7207 0.3956 -0.2495]
                    euclidean error (neck)         [1.070713]
                    euclidean error (head)         [0.084950]
                    euclidean error (head flipped) [0.875515]
Answer 12: Color:    answer                         [1.0000 0.0000 0.0000]
                    ground truth                   [1.0000 0.0000 0.0000]
                    euclidean error                [0.000000]
          Position: answer                         [2.6243 -0.3242 0.2833]
                    ground truth (neck)            [2.7788 0.3937 -0.5581]
                    ground truth (head)            [2.6557 -0.3937 0.2893]
                    ground truth (head flipped)    [2.6557 0.3937 -0.2893]
                    euclidean error (neck)         [1.116847]
                    euclidean error (head)         [0.076499]
                    euclidean error (head flipped) [0.918886]
Answer 13: Color:    answer                         [0.0000 1.0000 0.0000]
                    ground truth                   [0.0000 1.0000 0.0000]
                    euclidean error                [0.000000]
          Position: answer                         [2.6646 -0.2512 0.2437]
                    ground truth (neck)            [2.8520 0.3206 -0.5274]
                    ground truth (head)            [2.7243 -0.3206 0.2493]
                    ground truth (head flipped)    [2.7243 0.3206 -0.2493]
                    euclidean error (neck)         [0.978126]
                    euclidean error (head)         [0.091672]
                    euclidean error (head flipped) [0.757369]
Answer 14: Color:    answer                         [0.0000 1.0000 0.0000]
                    ground truth                   [0.0000 1.0000 0.0000]
                    euclidean error                [0.000000]
          Position: answer                         [2.6144 -0.2501 0.2814]
                    ground truth (neck)            [2.7824 0.3197 -0.5578]
                    ground truth (head)            [2.6593 -0.3197 0.2885]
                    ground truth (head flipped)    [2.6593 0.3197 -0.2885]
                    euclidean error (neck)         [1.028168]
                    euclidean error (head)         [0.083139]
                    euclidean error (head flipped) [0.807118]
Answer 15: Color:    answer                         [1.0000 0.0000 0.0000]
                    ground truth                   [1.0000 0.0000 0.0000]
                    euclidean error                [0.000000]
          Position: answer                         [2.6978 0.4092 0.2555]
                    ground truth (neck)            [2.8591 -0.3616 -0.5385]
                    ground truth (head)            [2.7327 0.3616 0.2594]
                    ground truth (head flipped)    [2.7327 -0.3616 -0.2594]
                    euclidean error (neck)         [1.118322]
                    euclidean error (head)         [0.059143]
                    euclidean error (head flipped) [0.927626]
Answer 16: Color:    answer                         [0.0000 1.0000 0.0000]
                    ground truth                   [0.0000 1.0000 0.0000]
                    euclidean error                [0.000000]
          Position: answer                         [2.6282 0.4131 0.2914]
                    ground truth (neck)            [2.7902 -0.3631 -0.5687]
                    ground truth (head)            [2.6684 0.3631 0.2983]
                    ground truth (head flipped)    [2.6684 -0.3631 -0.2983]
                    euclidean error (neck)         [1.169866]
                    euclidean error (head)         [0.064546]
                    euclidean error (head flipped) [0.975671]
Answer 17: Color:    answer                         [0.0000 0.0000 1.0000]
                    ground truth                   [0.0000 0.0000 1.0000]
                    euclidean error                [0.000000]
          Position: answer                         [2.5987 0.4173 0.3344]
                    ground truth (neck)            [2.7206 -0.3661 -0.5988]
                    ground truth (head)            [2.6033 0.3661 0.3372]
                    ground truth (head flipped)    [2.6033 -0.3661 -0.3372]
                    euclidean error (neck)         [1.224516]
                    euclidean error (head)         [0.051493]
                    euclidean error (head flipped) [1.031908]
Answer 18: Color:    answer                         [0.0000 0.0000 1.0000]
                    ground truth                   [0.0000 0.0000 1.0000]
                    euclidean error                [0.000000]
          Position: answer                         [2.5360 0.4229 0.3756]
                    ground truth (neck)            [2.6511 -0.3710 -0.6291]
                    ground truth (head)            [2.5384 0.3710 0.3764]
                    ground truth (head flipped)    [2.5384 -0.3710 -0.3764]
                    euclidean error (neck)         [1.285612]
                    euclidean error (head)         [0.051946]
                    euclidean error (head flipped) [1.093430]
Answer 19: Color:    answer                         [1.0000 0.0000 0.0000]
                    ground truth                   [1.0000 0.0000 0.0000]
                    euclidean error                [0.000000]
          Position: answer                         [2.5140 0.4317 0.4211]
                    ground truth (neck)            [2.5823 -0.3697 -0.6598]
                    ground truth (head)            [2.4741 0.3697 0.4157]
                    ground truth (head flipped)    [2.4741 -0.3697 -0.4157]
                    euclidean error (neck)         [1.347308]
                    euclidean error (head)         [0.073884]
                    euclidean error (head flipped) [1.159395]
Answer 20: Color:    answer                         [0.0000 1.0000 0.0000]
                    ground truth                   [0.0000 1.0000 0.0000]
                    euclidean error                [0.000000]
          Position: answer                         [2.7403 0.3450 0.2595]
                    ground truth (neck)            [2.8557 -0.2864 -0.5385]
                    ground truth (head)            [2.7293 0.2864 0.2599]
                    ground truth (head flipped)    [2.7293 -0.2864 -0.2599]
                    euclidean error (neck)         [1.024144]
                    euclidean error (head)         [0.059579]
                    euclidean error (head flipped) [0.817648]
Answer 21: Color:    answer                         [1.0000 0.0000 0.0000]
                    ground truth                   [1.0000 0.0000 0.0000]
                    euclidean error                [0.000000]
          Position: answer                         [2.6503 0.3434 0.2956]
                    ground truth (neck)            [2.7863 -0.2891 -0.5687]
                    ground truth (head)            [2.6646 0.2891 0.2988]
                    ground truth (head flipped)    [2.6646 -0.2891 -0.2988]
                    euclidean error (neck)         [1.079606]
                    euclidean error (head)         [0.056168]
                    euclidean error (head flipped) [0.868087]
Answer 22: Color:    answer                         [0.0000 0.0000 1.0000]
                    ground truth                   [0.0000 0.0000 1.0000]
                    euclidean error                [0.000000]
          Position: answer                         [2.6223 0.3503 0.3374]
                    ground truth (neck)            [2.7170 -0.2937 -0.5992]
                    ground truth (head)            [2.5998 0.2937 0.3381]
                    ground truth (head flipped)    [2.5998 -0.2937 -0.3381]
                    euclidean error (neck)         [1.140623]
                    euclidean error (head)         [0.060950]
                    euclidean error (head flipped) [0.933605]
Answer 23: Color:    answer                         [0.0000 0.0000 1.0000]
                    ground truth                   [0.0000 0.0000 1.0000]
                    euclidean error                [0.000000]
          Position: answer                         [2.5871 0.3586 0.3832]
                    ground truth (neck)            [2.6475 -0.2968 -0.6295]
                    ground truth (head)            [2.5349 0.2968 0.3773]
                    ground truth (head flipped)    [2.5349 -0.2968 -0.3773]
                    euclidean error (neck)         [1.207782]
                    euclidean error (head)         [0.081183]
                    euclidean error (head flipped) [1.005233]
Answer 24: Color:    answer                         [0.0000 1.0000 0.0000]
                    ground truth                   [0.0000 1.0000 0.0000]
                    euclidean error                [0.000000]
          Position: answer                         [2.5528 0.3626 0.4277]
                    ground truth (neck)            [2.5779 -0.3013 -0.6600]
                    ground truth (head)            [2.4698 0.3013 0.4165]
                    ground truth (head flipped)    [2.4698 -0.3013 -0.4165]
                    euclidean error (neck)         [1.274466]
                    euclidean error (head)         [0.103795]
                    euclidean error (head flipped) [1.077128]
Answer 25: Color:    answer                         [0.0000 1.0000 0.0000]
                    ground truth                   [0.0000 1.0000 0.0000]
                    euclidean error                [0.000000]
          Position: answer                         [2.7210 0.1877 0.2445]
                    ground truth (neck)            [2.8730 -0.1281 -0.5272]
                    ground truth (head)            [2.7451 0.1281 0.2463]
                    ground truth (head flipped)    [2.7451 -0.1281 -0.2463]
                    euclidean error (neck)         [0.847517]
                    euclidean error (head)         [0.064297]
                    euclidean error (head flipped) [0.584125]
Answer 26: Color:    answer                         [0.0000 1.0000 0.0000]
                    ground truth                   [0.0000 1.0000 0.0000]
                    euclidean error                [0.000000]
          Position: answer                         [2.6382 0.1873 0.2797]
                    ground truth (neck)            [2.8034 -0.1316 -0.5582]
                    ground truth (head)            [2.6801 0.1316 0.2862]
                    ground truth (head flipped)    [2.6801 -0.1316 -0.2862]
                    euclidean error (neck)         [0.911663]
                    euclidean error (head)         [0.070008]
                    euclidean error (head flipped) [0.650937]
Answer 27: Color:    answer                         [0.0000 1.0000 0.0000]
                    ground truth                   [0.0000 1.0000 0.0000]
                    euclidean error                [0.000000]
          Position: answer                         [2.6936 0.1155 0.2420]
                    ground truth (neck)            [2.8690 -0.0542 -0.5276]
                    ground truth (head)            [2.7411 0.0542 0.2473]
                    ground truth (head flipped)    [2.7411 -0.0542 -0.2473]
                    euclidean error (neck)         [0.807398]
                    euclidean error (head)         [0.077810]
                    euclidean error (head flipped) [0.520068]
Answer 28: Color:    answer                         [0.0000 0.0000 1.0000]
                    ground truth                   [0.0000 0.0000 1.0000]
                    euclidean error                [0.000000]
          Position: answer                         [2.6164 0.1140 0.2774]
                    ground truth (neck)            [2.7998 -0.0563 -0.5580]
                    ground truth (head)            [2.6765 0.0563 0.2864]
                    ground truth (head flipped)    [2.6765 -0.0563 -0.2864]
                    euclidean error (neck)         [0.872072]
                    euclidean error (head)         [0.083865]
                    euclidean error (head flipped) [0.592051]
Answer 29: Color:    answer                         [1.0000 0.0000 0.0000]
                    ground truth                   [1.0000 0.0000 0.0000]
                    euclidean error                [0.000000]
          Position: answer                         [2.8046 -0.6196 0.0886]
                    ground truth (neck)            [2.9524 0.6860 -0.3767]
                    ground truth (head)            [2.8041 -0.6860 0.0868]
                    ground truth (head flipped)    [2.8041 0.6860 -0.0868]
                    euclidean error (neck)         [1.393821]
                    euclidean error (head)         [0.066440]
                    euclidean error (head flipped) [1.317255]
Answer 30: Color:    answer                         [0.0000 0.0000 1.0000]
                    ground truth                   [0.0000 0.0000 1.0000]
                    euclidean error                [0.000000]
          Position: answer                         [2.8183 -0.6209 0.0251]
                    ground truth (neck)            [2.9647 0.6871 -0.3112]
                    ground truth (head)            [2.8077 -0.6871 0.0203]
                    ground truth (head flipped)    [2.8077 0.6871 -0.0203]
                    euclidean error (neck)         [1.358459]
                    euclidean error (head)         [0.067158]
                    euclidean error (head flipped) [1.308824]
Answer 31: Color:    answer                         [1.0000 0.0000 0.0000]
                    ground truth                   [1.0000 0.0000 0.0000]
                    euclidean error                [0.000000]
          Position: answer                         [2.8205 -0.6205 -0.0415]
                    ground truth (neck)            [2.9752 0.6890 -0.2467]
                    ground truth (head)            [2.8097 -0.6890 -0.0451]
                    ground truth (head flipped)    [2.8097 0.6890 0.0451]
                    euclidean error (neck)         [1.334453]
                    euclidean error (head)         [0.069354]
                    euclidean error (head flipped) [1.312398]
Answer 32: Color:    answer                         [0.0000 1.0000 0.0000]
                    ground truth                   [0.0000 1.0000 0.0000]
                    euclidean error                [0.000000]
          Position: answer                         [2.8344 -0.5393 -0.0436]
                    ground truth (neck)            [2.9783 0.6047 -0.2468]
                    ground truth (head)            [2.8129 -0.6047 -0.0453]
                    ground truth (head flipped)    [2.8129 0.6047 0.0453]
                    euclidean error (neck)         [1.170833]
                    euclidean error (head)         [0.068860]
                    euclidean error (head flipped) [1.147677]
Answer 33: Color:    answer                         [0.0000 0.0000 1.0000]
                    ground truth                   [0.0000 0.0000 1.0000]
                    euclidean error                [0.000000]
          Position: answer                         [2.8321 -0.5379 0.0243]
                    ground truth (neck)            [2.9682 0.6042 -0.3119]
                    ground truth (head)            [2.8113 -0.6042 0.0205]
                    ground truth (head flipped)    [2.8113 0.6042 -0.0205]
                    euclidean error (neck)         [1.198308]
                    euclidean error (head)         [0.069506]
                    euclidean error (head flipped) [1.143150]
Answer 34: Color:    answer                         [0.0000 1.0000 0.0000]
                    ground truth                   [0.0000 1.0000 0.0000]
                    euclidean error                [0.000000]
          Position: answer                         [2.8114 -0.5347 0.0888]
                    ground truth (neck)            [2.9579 0.6032 -0.3773]
                    ground truth (head)            [2.8097 -0.6032 0.0866]
                    ground truth (head flipped)    [2.8097 0.6032 -0.0866]
                    euclidean error (neck)         [1.238293]
                    euclidean error (head)         [0.068583]
                    euclidean error (head flipped) [1.151284]
Answer 35: Color:    answer                         [0.0000 0.0000 1.0000]
                    ground truth                   [0.0000 0.0000 1.0000]
                    euclidean error                [0.000000]
          Position: answer                         [2.8437 0.4690 0.0806]
                    ground truth (neck)            [3.0035 -0.4123 -0.3769]
                    ground truth (head)            [2.8549 0.4123 0.0803]
                    ground truth (head flipped)    [2.8549 -0.4123 -0.0803]
                    euclidean error (neck)         [1.005775]
                    euclidean error (head)         [0.057800]
                    euclidean error (head flipped) [0.895939]
Answer 36: Color:    answer                         [0.0000 1.0000 0.0000]
                    ground truth                   [0.0000 1.0000 0.0000]
                    euclidean error                [0.000000]
          Position: answer                         [2.8601 0.4687 0.0163]
                    ground truth (neck)            [3.0165 -0.4105 -0.3115]
                    ground truth (head)            [2.8591 0.4105 0.0138]
                    ground truth (head flipped)    [2.8591 -0.4105 -0.0138]
                    euclidean error (neck)         [0.951306]
                    euclidean error (head)         [0.058250]
                    euclidean error (head flipped) [0.879777]
Answer 37: Color:    answer                         [1.0000 0.0000 0.0000]
                    ground truth                   [1.0000 0.0000 0.0000]
                    euclidean error                [0.000000]
          Position: answer                         [2.8672 0.4689 -0.0487]
                    ground truth (neck)            [3.0263 -0.4094 -0.2459]
                    ground truth (head)            [2.8603 0.4094 -0.0526]
                    ground truth (head flipped)    [2.8603 -0.4094 0.0526]
                    euclidean error (neck)         [0.914080]
                    euclidean error (head)         [0.060002]
                    euclidean error (head flipped) [0.884109]
Answer 38: Color:    answer                         [0.0000 1.0000 0.0000]
                    ground truth                   [0.0000 1.0000 0.0000]
                    euclidean error                [0.000000]
          Position: answer                         [2.8791 0.3896 -0.0489]
                    ground truth (neck)            [3.0225 -0.3266 -0.2468]
                    ground truth (head)            [2.8567 0.3266 -0.0511]
                    ground truth (head flipped)    [2.8567 -0.3266 0.0511]
                    euclidean error (neck)         [0.756703]
                    euclidean error (head)         [0.066887]
                    euclidean error (head flipped) [0.723433]
Answer 39: Color:    answer                         [0.0000 1.0000 0.0000]
                    ground truth                   [0.0000 1.0000 0.0000]
                    euclidean error                [0.000000]
          Position: answer                         [2.8672 0.3872 0.0163]
                    ground truth (neck)            [3.0117 -0.3283 -0.3116]
                    ground truth (head)            [2.8544 0.3283 0.0145]
                    ground truth (head flipped)    [2.8544 -0.3283 -0.0145]
                    euclidean error (neck)         [0.800191]
                    euclidean error (head)         [0.060261]
                    euclidean error (head flipped) [0.716238]
Answer 40: Color:    answer                         [0.0000 1.0000 0.0000]
                    ground truth                   [0.0000 1.0000 0.0000]
                    euclidean error                [0.000000]
          Position: answer                         [2.8460 0.3846 0.0825]
                    ground truth (neck)            [3.0017 -0.3288 -0.3773]
                    ground truth (head)            [2.8531 0.3288 0.0809]
                    ground truth (head flipped)    [2.8531 -0.3288 -0.0809]
                    euclidean error (neck)         [0.862915]
                    euclidean error (head)         [0.056207]
                    euclidean error (head flipped) [0.731920]
Answer 41: Color:    answer                         [0.0000 0.0000 1.0000]
                    ground truth                   [0.0000 0.0000 1.0000]
                    euclidean error                [0.000000]
          Position: answer                         [2.7978 -0.0789 -0.4960]
                    ground truth (neck)            [2.8367 0.1301 0.2036]
                    ground truth (head)            [2.6137 -0.1301 -0.4735]
                    ground truth (head flipped)    [2.6137 0.1301 0.4735]
                    euclidean error (neck)         [0.731236]
                    euclidean error (head)         [0.192402]
                    euclidean error (head flipped) [1.008718]
Answer 42: Color:    answer                         [1.0000 0.0000 0.0000]
                    ground truth                   [1.0000 0.0000 0.0000]
                    euclidean error                [0.000000]
          Position: answer                         [2.7844 -0.5157 -0.4846]
                    ground truth (neck)            [2.7794 0.5303 0.1924]
                    ground truth (head)            [2.5583 -0.5303 -0.4548]
                    ground truth (head flipped)    [2.5583 0.5303 0.4548]
                    euclidean error (neck)         [1.245999]
                    euclidean error (head)         [0.228519]
                    euclidean error (head flipped) [1.424036]
Answer 43: Color:    answer                         [1.0000 0.0000 0.0000]
                    ground truth                   [1.0000 0.0000 0.0000]
                    euclidean error                [0.000000]
          Position: answer                         [2.8091 0.3546 -0.4889]
                    ground truth (neck)            [2.8169 -0.2756 0.1928]
                    ground truth (head)            [2.5954 0.2756 -0.4602]
                    ground truth (head flipped)    [2.5954 -0.2756 0.4602]
                    euclidean error (neck)         [0.928421]
                    euclidean error (head)         [0.229636]
                    euclidean error (head flipped) [1.159128]
--------------------------------
Duration: 213.682000000
Total color euclidean error:                   0.000000
Total position euclidean error (neck):         49.999694
Total position euclidean error (head):         3.424116
Total position euclidean error (head flipped): 44.464846
--------------------------------
