Answer 1: Color:    answer                         [0.0000 1.0000 0.0000]
                    ground truth                   [0.0000 1.0000 0.0000]
                    euclidean error                [0.000000]
          Position: answer                         [2.6564 -0.4491 0.2576]
                    ground truth (neck)            [2.8311 0.5208 -0.5382]
                    ground truth (head)            [2.7050 -0.5208 0.2627]
                    ground truth (head flipped)    [2.7050 0.5208 -0.2627]
                    euclidean error (neck)         [1.266663]
                    euclidean error (head)         [0.086810]
                    euclidean error (head flipped) [1.101698]
Answer 2: Color:    answer                         [0.0000 1.0000 0.0000]
                    ground truth                   [0.0000 1.0000 0.0000]
                    euclidean error                [0.000000]
          Position: answer                         [2.6085 -0.4496 0.2968]
                    ground truth (neck)            [2.7621 0.5197 -0.5683]
                    ground truth (head)            [2.6405 -0.5197 0.3016]
                    ground truth (head flipped)    [2.6405 0.5197 -0.3016]
                    euclidean error (neck)         [1.308285]
                    euclidean error (head)         [0.077231]
                    euclidean error (head flipped) [1.139599]
Answer 3: Color:    answer                         [1.0000 0.0000 0.0000]
                    ground truth                   [1.0000 0.0000 0.0000]
                    euclidean error                [0.000000]
          Position: answer                         [2.5660 -0.4567 0.3385]
                    ground truth (neck)            [2.6931 0.5223 -0.5987]
                    ground truth (head)            [2.5760 -0.5223 0.3407]
                    ground truth (head flipped)    [2.5760 0.5223 -0.3407]
                    euclidean error (neck)         [1.361186]
                    euclidean error (head)         [0.066399]
                    euclidean error (head flipped) [1.191564]
Answer 4: Color:    answer                         [0.0000 0.0000 1.0000]
                    ground truth                   [0.0000 0.0000 1.0000]
                    euclidean error                [0.000000]
          Position: answer                         [2.5049 -0.4579 0.3750]
                    ground truth (neck)            [2.6243 0.5212 -0.6289]
                    ground truth (head)            [2.5118 -0.5212 0.3797]
                    ground truth (head flipped)    [2.5118 0.5212 -0.3797]
                    euclidean error (neck)         [1.407400]
                    euclidean error (head)         [0.063784]
                    euclidean error (head flipped) [1.236219]
Answer 5: Color:    answer                         [0.0000 0.0000 1.0000]
                    ground truth                   [0.0000 0.0000 1.0000]
                    euclidean error                [0.000000]
          Position: answer                         [2.4834 -0.4658 0.4224]
                    ground truth (neck)            [2.5554 0.5202 -0.6596]
                    ground truth (head)            [2.4475 -0.5202 0.4191]
                    ground truth (head flipped)    [2.4475 0.5202 -0.4191]
                    euclidean error (neck)         [1.465676]
                    euclidean error (head)         [0.065328]
                    euclidean error (head flipped) [1.296790]
Answer 6: Color:    answer                         [1.0000 0.0000 0.0000]
                    ground truth                   [1.0000 0.0000 0.0000]
                    euclidean error                [0.000000]
          Position: answer                         [2.7019 -0.3821 0.2603]
                    ground truth (neck)            [2.8344 0.4502 -0.5381]
                    ground truth (head)            [2.7082 -0.4502 0.2622]
                    ground truth (head flipped)    [2.7082 0.4502 -0.2622]
                    euclidean error (neck)         [1.160864]
                    euclidean error (head)         [0.068405]
                    euclidean error (head flipped) [0.982700]
Answer 7: Color:    answer                         [0.0000 0.0000 1.0000]
                    ground truth                   [0.0000 0.0000 1.0000]
                    euclidean error                [0.000000]
          Position: answer                         [2.6302 -0.3838 0.2976]
                    ground truth (neck)            [2.7653 0.4508 -0.5686]
                    ground truth (head)            [2.6437 -0.4508 0.3014]
                    ground truth (head flipped)    [2.6437 0.4508 -0.3014]
                    euclidean error (neck)         [1.210380]
                    euclidean error (head)         [0.068420]
                    euclidean error (head flipped) [1.027396]
Answer 8: Color:    answer                         [0.0000 1.0000 0.0000]
                    ground truth                   [0.0000 1.0000 0.0000]
                    euclidean error                [0.000000]
          Position: answer                         [2.6085 -0.3922 0.3441]
                    ground truth (neck)            [2.6962 0.4481 -0.5988]
                    ground truth (head)            [2.5792 -0.4481 0.3405]
                    ground truth (head flipped)    [2.5792 0.4481 -0.3405]
                    euclidean error (neck)         [1.266062]
                    euclidean error (head)         [0.063251]
                    euclidean error (head flipped) [1.084229]
Answer 9: Color:    answer                         [1.0000 0.0000 0.0000]
                    ground truth                   [1.0000 0.0000 0.0000]
                    euclidean error                [0.000000]
          Position: answer                         [2.5622 -0.3937 0.3836]
                    ground truth (neck)            [2.6269 0.4496 -0.6293]
                    ground truth (head)            [2.5144 -0.4496 0.3797]
                    ground truth (head flipped)    [2.5144 0.4496 -0.3797]
                    euclidean error (neck)         [1.319651]
                    euclidean error (head)         [0.073699]
                    euclidean error (head flipped) [1.138530]
Answer 10: Color:    answer                         [1.0000 0.0000 0.0000]
                    ground truth                   [1.0000 0.0000 0.0000]
                    euclidean error                [0.000000]
          Position: answer                         [2.5194 -0.4029 0.4277]
                    ground truth (neck)            [2.5576 0.4469 -0.6597]
                    ground truth (head)            [2.4497 -0.4469 0.4189]
                    ground truth (head flipped)    [2.4497 0.4469 -0.4189]
                    euclidean error (neck)         [1.380648]
                    euclidean error (head)         [0.082931]
                    euclidean error (head flipped) [1.201592]
Answer 11: Color:    answer                         [0.0000 0.0000 1.0000]
                    ground truth                   [0.0000 0.0000 1.0000]
                    euclidean error                [0.000000]
          Position: answer                         [2.6831 -0.2263 0.2445]
                    ground truth (neck)            [2.8622 0.2952 -0.5274]
                    ground truth (head)            [2.7344 -0.2952 0.2480]
                    ground truth (head flipped)    [2.7344 0.2952 -0.2480]
                    euclidean error (neck)         [0.948596]
                    euclidean error (head)         [0.085910]
                    euclidean error (head flipped) [0.719083]
Answer 12: Color:    answer                         [1.0000 0.0000 0.0000]
                    ground truth                   [1.0000 0.0000 0.0000]
                    euclidean error                [0.000000]
          Position: answer                         [2.6263 -0.2267 0.2810]
                    ground truth (neck)            [2.7931 0.2931 -0.5577]
                    ground truth (head)            [2.6699 -0.2931 0.2870]
                    ground truth (head flipped)    [2.6699 0.2931 -0.2870]
                    euclidean error (neck)         [1.000681]
                    euclidean error (head)         [0.079649]
                    euclidean error (head flipped) [0.771143]
Answer 13: Color:    answer                         [0.0000 0.0000 1.0000]
                    ground truth                   [0.0000 0.0000 1.0000]
                    euclidean error                [0.000000]
          Position: answer                         [2.6646 -0.1494 0.2411]
                    ground truth (neck)            [2.8635 0.2163 -0.5276]
                    ground truth (head)            [2.7357 -0.2163 0.2480]
                    ground truth (head flipped)    [2.7357 0.2163 -0.2480]
                    euclidean error (neck)         [0.874144]
                    euclidean error (head)         [0.097850]
                    euclidean error (head flipped) [0.614785]
Answer 14: Color:    answer                         [0.0000 1.0000 0.0000]
                    ground truth                   [0.0000 1.0000 0.0000]
                    euclidean error                [0.000000]
          Position: answer                         [2.6183 -0.1530 0.2784]
                    ground truth (neck)            [2.7938 0.2204 -0.5578]
                    ground truth (head)            [2.6705 -0.2204 0.2871]
                    ground truth (head flipped)    [2.6705 0.2204 -0.2871]
                    euclidean error (neck)         [0.932471]
                    euclidean error (head)         [0.085670]
                    euclidean error (head flipped) [0.679632]
Answer 15: Color:    answer                         [0.0000 0.0000 1.0000]
                    ground truth                   [0.0000 0.0000 1.0000]
                    euclidean error                [0.000000]
          Position: answer                         [2.6769 0.5103 0.2561]
                    ground truth (neck)            [2.8459 -0.4629 -0.5383]
                    ground truth (head)            [2.7196 0.4629 0.2609]
                    ground truth (head flipped)    [2.7196 -0.4629 -0.2609]
                    euclidean error (neck)         [1.267537]
                    euclidean error (head)         [0.063995]
                    euclidean error (head flipped) [1.102796]
Answer 16: Color:    answer                         [0.0000 0.0000 1.0000]
                    ground truth                   [0.0000 0.0000 1.0000]
                    euclidean error                [0.000000]
          Position: answer                         [2.6183 0.5101 0.2945]
                    ground truth (neck)            [2.7765 -0.4638 -0.5691]
                    ground truth (head)            [2.6548 0.4638 0.3005]
                    ground truth (head flipped)    [2.6548 -0.4638 -0.3005]
                    euclidean error (neck)         [1.311214]
                    euclidean error (head)         [0.059208]
                    euclidean error (head flipped) [1.141851]
Answer 17: Color:    answer                         [0.0000 1.0000 0.0000]
                    ground truth                   [0.0000 1.0000 0.0000]
                    euclidean error                [0.000000]
          Position: answer                         [2.5794 0.5139 0.3361]
                    ground truth (neck)            [2.7072 -0.4622 -0.5991]
                    ground truth (head)            [2.5900 0.4622 0.3393]
                    ground truth (head flipped)    [2.5900 -0.4622 -0.3393]
                    euclidean error (neck)         [1.357741]
                    euclidean error (head)         [0.052874]
                    euclidean error (head flipped) [1.186941]
Answer 18: Color:    answer                         [1.0000 0.0000 0.0000]
                    ground truth                   [1.0000 0.0000 0.0000]
                    euclidean error                [0.000000]
          Position: answer                         [2.5140 0.5139 0.3763]
                    ground truth (neck)            [2.6377 -0.4647 -0.6295]
                    ground truth (head)            [2.5252 0.4647 0.3785]
                    ground truth (head flipped)    [2.5252 -0.4647 -0.3785]
                    euclidean error (neck)         [1.408812]
                    euclidean error (head)         [0.050548]
                    euclidean error (head flipped) [1.235964]
Answer 19: Color:    answer                         [0.0000 1.0000 0.0000]
                    ground truth                   [0.0000 1.0000 0.0000]
                    euclidean error                [0.000000]
          Position: answer                         [2.4959 0.5234 0.4205]
                    ground truth (neck)            [2.5682 -0.4662 -0.6595]
                    ground truth (head)            [2.4602 0.4662 0.4173]
                    ground truth (head flipped)    [2.4602 -0.4662 -0.4173]
                    euclidean error (neck)         [1.466635]
                    euclidean error (head)         [0.067504]
                    euclidean error (head flipped) [1.297146]
Answer 20: Color:    answer                         [0.0000 1.0000 0.0000]
                    ground truth                   [0.0000 1.0000 0.0000]
                    euclidean error                [0.000000]
          Position: answer                         [2.7274 0.4460 0.2583]
                    ground truth (neck)            [2.8454 -0.3884 -0.5383]
                    ground truth (head)            [2.7192 0.3884 0.2609]
                    ground truth (head flipped)    [2.7192 -0.3884 -0.2609]
                    euclidean error (neck)         [1.159591]
                    euclidean error (head)         [0.058208]
                    euclidean error (head flipped) [0.982778]
Answer 21: Color:    answer                         [0.0000 1.0000 0.0000]
                    ground truth                   [0.0000 1.0000 0.0000]
                    euclidean error                [0.000000]
          Position: answer                         [2.6382 0.4419 0.2968]
                    ground truth (neck)            [2.7754 -0.3913 -0.5689]
                    ground truth (head)            [2.6538 0.3913 0.3004]
                    ground truth (head flipped)    [2.6538 -0.3913 -0.3004]
                    euclidean error (neck)         [1.209341]
                    euclidean error (head)         [0.053054]
                    euclidean error (head flipped) [1.025277]
Answer 22: Color:    answer                         [0.0000 0.0000 1.0000]
                    ground truth                   [0.0000 0.0000 1.0000]
                    euclidean error                [0.000000]
          Position: answer                         [2.6105 0.4461 0.3401]
                    ground truth (neck)            [2.7065 -0.3892 -0.5991]
                    ground truth (head)            [2.5894 0.3892 0.3393]
                    ground truth (head flipped)    [2.5894 -0.3892 -0.3393]
                    euclidean error (neck)         [1.260584]
                    euclidean error (head)         [0.060643]
                    euclidean error (head flipped) [1.076981]
Answer 23: Color:    answer                         [0.0000 0.0000 1.0000]
                    ground truth                   [0.0000 0.0000 1.0000]
                    euclidean error                [0.000000]
          Position: answer                         [2.5717 0.4492 0.3842]
                    ground truth (neck)            [2.6370 -0.3909 -0.6293]
                    ground truth (head)            [2.5244 0.3909 0.3784]
                    ground truth (head flipped)    [2.5244 -0.3909 -0.3784]
                    euclidean error (neck)         [1.318007]
                    euclidean error (head)         [0.075315]
                    euclidean error (head flipped) [1.135554]
Answer 24: Color:    answer                         [0.0000 0.0000 1.0000]
                    ground truth                   [0.0000 0.0000 1.0000]
                    euclidean error                [0.000000]
          Position: answer                         [2.5342 0.4562 0.4278]
                    ground truth (neck)            [2.5676 -0.3909 -0.6597]
                    ground truth (head)            [2.4595 0.3909 0.4176]
                    ground truth (head flipped)    [2.4595 -0.3909 -0.4176]
                    euclidean error (neck)         [1.378882]
                    euclidean error (head)         [0.099724]
                    euclidean error (head flipped) [1.199085]
Answer 25: Color:    answer                         [0.0000 1.0000 0.0000]
                    ground truth                   [0.0000 1.0000 0.0000]
                    euclidean error                [0.000000]
          Position: answer                         [2.6977 0.2869 0.2424]
                    ground truth (neck)            [2.8687 -0.2303 -0.5275]
                    ground truth (head)            [2.7409 0.2303 0.2472]
                    ground truth (head flipped)    [2.7409 -0.2303 -0.2472]
                    euclidean error (neck)         [0.943051]
                    euclidean error (head)         [0.071293]
                    euclidean error (head flipped) [0.713422]
Answer 26: Color:    answer                         [0.0000 0.0000 1.0000]
                    ground truth                   [0.0000 0.0000 1.0000]
                    euclidean error                [0.000000]
          Position: answer                         [2.6302 0.2848 0.2797]
                    ground truth (neck)            [2.7989 -0.2317 -0.5579]
                    ground truth (head)            [2.6756 0.2317 0.2864]
                    ground truth (head flipped)    [2.6756 -0.2317 -0.2864]
                    euclidean error (neck)         [0.998365]
                    euclidean error (head)         [0.070199]
                    euclidean error (head flipped) [0.767675]
Answer 27: Color:    answer                         [1.0000 0.0000 0.0000]
                    ground truth                   [1.0000 0.0000 0.0000]
                    euclidean error                [0.000000]
          Position: answer                         [2.6894 0.2120 0.2416]
                    ground truth (neck)            [2.8676 -0.1552 -0.5275]
                    ground truth (head)            [2.7398 0.1552 0.2474]
                    ground truth (head flipped)    [2.7398 -0.1552 -0.2474]
                    euclidean error (neck)         [0.870773]
                    euclidean error (head)         [0.076213]
                    euclidean error (head flipped) [0.613627]
Answer 28: Color:    answer                         [0.0000 1.0000 0.0000]
                    ground truth                   [0.0000 1.0000 0.0000]
                    euclidean error                [0.000000]
          Position: answer                         [2.6183 0.2116 0.2776]
                    ground truth (neck)            [2.7981 -0.1560 -0.5579]
                    ground truth (head)            [2.6748 0.1560 0.2865]
                    ground truth (head flipped)    [2.6748 -0.1560 -0.2865]
                    euclidean error (neck)         [0.930305]
                    euclidean error (head)         [0.079762]
                    euclidean error (head flipped) [0.675710]
Answer 29: Color:    answer                         [1.0000 0.0000 0.0000]
                    ground truth                   [1.0000 0.0000 0.0000]
                    euclidean error                [0.000000]
          Position: answer                         [2.8229 -0.5105 0.0846]
                    ground truth (neck)            [2.9776 0.5818 -0.3769]
                    ground truth (head)            [2.8291 -0.5818 0.0837]
                    ground truth (head flipped)    [2.8291 0.5818 -0.0837]
                    euclidean error (neck)         [1.195806]
                    euclidean error (head)         [0.071605]
                    euclidean error (head flipped) [1.105172]
Answer 30: Color:    answer                         [0.0000 1.0000 0.0000]
                    ground truth                   [0.0000 1.0000 0.0000]
                    euclidean error                [0.000000]
          Position: answer                         [2.8367 -0.5141 0.0207]
                    ground truth (neck)            [2.9900 0.5815 -0.3118]
                    ground truth (head)            [2.8330 -0.5815 0.0176]
                    ground truth (head flipped)    [2.8330 0.5815 -0.0176]
                    euclidean error (neck)         [1.155134]
                    euclidean error (head)         [0.067608]
                    euclidean error (head flipped) [1.096232]
Answer 31: Color:    answer                         [0.0000 0.0000 1.0000]
                    ground truth                   [0.0000 0.0000 1.0000]
                    euclidean error                [0.000000]
          Position: answer                         [2.8413 -0.5140 -0.0437]
                    ground truth (neck)            [2.9998 0.5844 -0.2464]
                    ground truth (head)            [2.8342 -0.5844 -0.0486]
                    ground truth (head flipped)    [2.8342 0.5844 0.0486]
                    euclidean error (neck)         [1.128155]
                    euclidean error (head)         [0.070861]
                    euclidean error (head flipped) [1.102292]
Answer 32: Color:    answer                         [0.0000 1.0000 0.0000]
                    ground truth                   [0.0000 1.0000 0.0000]
                    euclidean error                [0.000000]
          Position: answer                         [2.8601 -0.4324 -0.0439]
                    ground truth (neck)            [3.0009 0.4986 -0.2465]
                    ground truth (head)            [2.8352 -0.4986 -0.0486]
                    ground truth (head flipped)    [2.8352 0.4986 0.0486]
                    euclidean error (neck)         [0.963169]
                    euclidean error (head)         [0.070844]
                    euclidean error (head flipped) [0.935970]
Answer 33: Color:    answer                         [0.0000 1.0000 0.0000]
                    ground truth                   [0.0000 1.0000 0.0000]
                    euclidean error                [0.000000]
          Position: answer                         [2.8483 -0.4287 0.0208]
                    ground truth (neck)            [2.9908 0.4973 -0.3120]
                    ground truth (head)            [2.8337 -0.4973 0.0177]
                    ground truth (head flipped)    [2.8337 0.4973 -0.0177]
                    euclidean error (neck)         [0.994245]
                    euclidean error (head)         [0.070230]
                    euclidean error (head flipped) [0.926907]
Answer 34: Color:    answer                         [1.0000 0.0000 0.0000]
                    ground truth                   [1.0000 0.0000 0.0000]
                    euclidean error                [0.000000]
          Position: answer                         [2.8298 -0.4293 0.0848]
                    ground truth (neck)            [2.9810 0.4956 -0.3770]
                    ground truth (head)            [2.8325 -0.4956 0.0834]
                    ground truth (head flipped)    [2.8325 0.4956 -0.0834]
                    euclidean error (neck)         [1.044835]
                    euclidean error (head)         [0.066378]
                    euclidean error (head flipped) [0.940128]
Answer 35: Color:    answer                         [0.0000 0.0000 1.0000]
                    ground truth                   [0.0000 0.0000 1.0000]
                    euclidean error                [0.000000]
          Position: answer                         [2.8321 0.5736 0.0849]
                    ground truth (neck)            [2.9887 -0.5186 -0.3775]
                    ground truth (head)            [2.8403 0.5186 0.0828]
                    ground truth (head flipped)    [2.8403 -0.5186 -0.0828]
                    euclidean error (neck)         [1.196357]
                    euclidean error (head)         [0.055655]
                    euclidean error (head flipped) [1.105046]
Answer 36: Color:    answer                         [0.0000 1.0000 0.0000]
                    ground truth                   [0.0000 1.0000 0.0000]
                    euclidean error                [0.000000]
          Position: answer                         [2.8460 0.5763 0.0199]
                    ground truth (neck)            [3.0016 -0.5184 -0.3117]
                    ground truth (head)            [2.8444 0.5184 0.0159]
                    ground truth (head flipped)    [2.8444 -0.5184 -0.0159]
                    euclidean error (neck)         [1.154335]
                    euclidean error (head)         [0.057988]
                    euclidean error (head flipped) [1.095278]
Answer 37: Color:    answer                         [0.0000 0.0000 1.0000]
                    ground truth                   [0.0000 0.0000 1.0000]
                    euclidean error                [0.000000]
          Position: answer                         [2.8530 0.5776 -0.0457]
                    ground truth (neck)            [3.0117 -0.5171 -0.2465]
                    ground truth (head)            [2.8460 0.5171 -0.0500]
                    ground truth (head flipped)    [2.8460 -0.5171 0.0500]
                    euclidean error (neck)         [1.124187]
                    euclidean error (head)         [0.061108]
                    euclidean error (head flipped) [1.098856]
Answer 38: Color:    answer                         [1.0000 0.0000 0.0000]
                    ground truth                   [1.0000 0.0000 0.0000]
                    euclidean error                [0.000000]
          Position: answer                         [2.8672 0.4930 -0.0468]
                    ground truth (neck)            [3.0111 -0.4312 -0.2465]
                    ground truth (head)            [2.8453 0.4312 -0.0499]
                    ground truth (head flipped)    [2.8453 -0.4312 0.0499]
                    euclidean error (neck)         [0.956445]
                    euclidean error (head)         [0.065628]
                    euclidean error (head flipped) [0.929530]
Answer 39: Color:    answer                         [0.0000 1.0000 0.0000]
                    ground truth                   [0.0000 1.0000 0.0000]
                    euclidean error                [0.000000]
          Position: answer                         [2.8577 0.4924 0.0181]
                    ground truth (neck)            [3.0005 -0.4348 -0.3115]
                    ground truth (head)            [2.8433 0.4348 0.0158]
                    ground truth (head flipped)    [2.8433 -0.4348 -0.0158]
                    euclidean error (neck)         [0.994362]
                    euclidean error (head)         [0.059448]
                    euclidean error (head flipped) [0.927966]
Answer 40: Color:    answer                         [1.0000 0.0000 0.0000]
                    ground truth                   [1.0000 0.0000 0.0000]
                    euclidean error                [0.000000]
          Position: answer                         [2.8437 0.4902 0.0852]
                    ground truth (neck)            [2.9903 -0.4332 -0.3768]
                    ground truth (head)            [2.8418 0.4332 0.0819]
                    ground truth (head flipped)    [2.8418 -0.4332 -0.0819]
                    euclidean error (neck)         [1.042865]
                    euclidean error (head)         [0.057126]
                    euclidean error (head flipped) [0.938369]
Answer 41: Color:    answer                         [0.0000 0.0000 1.0000]
                    ground truth                   [0.0000 0.0000 1.0000]
                    euclidean error                [0.000000]
          Position: answer                         [2.8001 0.0280 -0.4964]
                    ground truth (neck)            [2.8417 0.0289 0.2035]
                    ground truth (head)            [2.6187 -0.0289 -0.4740]
                    ground truth (head flipped)    [2.6187 0.0289 0.4740]
                    euclidean error (neck)         [0.701187]
                    euclidean error (head)         [0.191470]
                    euclidean error (head flipped) [0.987268]
Answer 42: Color:    answer                         [0.0000 0.0000 1.0000]
                    ground truth                   [0.0000 0.0000 1.0000]
                    euclidean error                [0.000000]
          Position: answer                         [2.8069 -0.4119 -0.4885]
                    ground truth (neck)            [2.7997 0.4312 0.1923]
                    ground truth (head)            [2.5784 -0.4312 -0.4575]
                    ground truth (head flipped)    [2.5784 0.4312 0.4575]
                    euclidean error (neck)         [1.083768]
                    euclidean error (head)         [0.231342]
                    euclidean error (head flipped) [1.287627]
Answer 43: Color:    answer                         [0.0000 0.0000 1.0000]
                    ground truth                   [0.0000 0.0000 1.0000]
                    euclidean error                [0.000000]
          Position: answer                         [2.8114 0.4650 -0.4893]
                    ground truth (neck)            [2.8077 -0.3743 0.1921]
                    ground truth (head)            [2.5864 0.3743 -0.4583]
                    ground truth (head flipped)    [2.5864 -0.3743 0.4583]
                    euclidean error (neck)         [1.081063]
                    euclidean error (head)         [0.244603]
                    euclidean error (head flipped) [1.285646]
--------------------------------
Duration: 214.439000000
Total color euclidean error:                   0.000000
Total position euclidean error (neck):         49.599458
Total position euclidean error (head):         3.445772
Total position euclidean error (head flipped): 44.102053
--------------------------------
